# JRE version: Java(TM) SE Runtime Environment (8.0_60-b27) (build 1.8.0_60-b27)
# Java VM: Java HotSpot(TM) 64-Bit Server VM (25.60-b23 mixed mode windows-amd64 compressed oops)
Heap:
 PSYoungGen      total 137728K, used 61600K [0x00000000eab00000, 0x00000000f4d80000, 0x0000000100000000)
  eden space 120320K, 51% used [0x00000000eab00000,0x00000000ee7283d8,0x00000000f2080000)
  from space 17408K, 0% used [0x00000000f3380000,0x00000000f3380000,0x00000000f4480000)
  to   space 19456K, 0% used [0x00000000f2080000,0x00000000f2080000,0x00000000f3380000)
 ParOldGen       total 40448K, used 35409K [0x00000000c0000000, 0x00000000c2780000, 0x00000000eab00000)
  object space 40448K, 87% used [0x00000000c0000000,0x00000000c22947b8,0x00000000c2780000)
 Metaspace       used 36579K, capacity 38161K, committed 38400K, reserved 1081344K
  class space    used 5133K, capacity 5772K, committed 5888K, reserved 1048576K
GC Heap History (10 events):
Event: 7.574 GC heap before
{Heap before GC invocations=8 (full 1):
 PSYoungGen      total 73728K, used 65536K [0x00000000eab00000, 0x00000000efb00000, 0x0000000100000000)
  eden space 65536K, 100% used [0x00000000eab00000,0x00000000eeb00000,0x00000000eeb00000)
  from space 8192K, 0% used [0x00000000ef300000,0x00000000ef300000,0x00000000efb00000)
  to   space 8192K, 0% used [0x00000000eeb00000,0x00000000eeb00000,0x00000000ef300000)
 ParOldGen       total 40448K, used 10893K [0x00000000c0000000, 0x00000000c2780000, 0x00000000eab00000)
  object space 40448K, 26% used [0x00000000c0000000,0x00000000c0aa3508,0x00000000c2780000)
 Metaspace       used 25438K, capacity 25970K, committed 26112K, reserved 1071104K
  class space    used 3392K, capacity 3570K, committed 3584K, reserved 1048576K
Event: 7.590 GC heap after
Heap after GC invocations=8 (full 1):
 PSYoungGen      total 73728K, used 7349K [0x00000000eab00000, 0x00000000f1a00000, 0x0000000100000000)
  eden space 65536K, 0% used [0x00000000eab00000,0x00000000eab00000,0x00000000eeb00000)
  from space 8192K, 89% used [0x00000000eeb00000,0x00000000ef22d5b8,0x00000000ef300000)
  to   space 8704K, 0% used [0x00000000f1180000,0x00000000f1180000,0x00000000f1a00000)
 ParOldGen       total 40448K, used 10893K [0x00000000c0000000, 0x00000000c2780000, 0x00000000eab00000)
  object space 40448K, 26% used [0x00000000c0000000,0x00000000c0aa3508,0x00000000c2780000)
 Metaspace       used 25438K, capacity 25970K, committed 26112K, reserved 1071104K
  class space    used 3392K, capacity 3570K, committed 3584K, reserved 1048576K
}
Event: 9.190 GC heap before
{Heap before GC invocations=9 (full 1):
 PSYoungGen      total 73728K, used 72885K [0x00000000eab00000, 0x00000000f1a00000, 0x0000000100000000)
  eden space 65536K, 100% used [0x00000000eab00000,0x00000000eeb00000,0x00000000eeb00000)
  from space 8192K, 89% used [0x00000000eeb00000,0x00000000ef22d5b8,0x00000000ef300000)
  to   space 8704K, 0% used [0x00000000f1180000,0x00000000f1180000,0x00000000f1a00000)
 ParOldGen       total 40448K, used 10893K [0x00000000c0000000, 0x00000000c2780000, 0x00000000eab00000)
  object space 40448K, 26% used [0x00000000c0000000,0x00000000c0aa3508,0x00000000c2780000)
 Metaspace       used 29428K, capacity 30208K, committed 30464K, reserved 1075200K
  class space    used 3945K, capacity 4247K, committed 4352K, reserved 1048576K
Event: 9.216 GC heap after
Heap after GC invocations=9 (full 1):
 PSYoungGen      total 101376K, used 8673K [0x00000000eab00000, 0x00000000f2200000, 0x0000000100000000)
  eden space 92672K, 0% used [0x00000000eab00000,0x00000000eab00000,0x00000000f0580000)
  from space 8704K, 99% used [0x00000000f1180000,0x00000000f19f8430,0x00000000f1a00000)
  to   space 12288K, 0% used [0x00000000f0580000,0x00000000f0580000,0x00000000f1180000)
 ParOldGen       total 40448K, used 16102K [0x00000000c0000000, 0x00000000c2780000, 0x00000000eab00000)
  object space 40448K, 39% used [0x00000000c0000000,0x00000000c0fb98e8,0x00000000c2780000)
 Metaspace       used 29428K, capacity 30208K, committed 30464K, reserved 1075200K
  class space    used 3945K, capacity 4247K, committed 4352K, reserved 1048576K
}
Event: 12.024 GC heap before
{Heap before GC invocations=10 (full 1):
 PSYoungGen      total 101376K, used 101345K [0x00000000eab00000, 0x00000000f2200000, 0x0000000100000000)
  eden space 92672K, 100% used [0x00000000eab00000,0x00000000f0580000,0x00000000f0580000)
  from space 8704K, 99% used [0x00000000f1180000,0x00000000f19f8430,0x00000000f1a00000)
  to   space 12288K, 0% used [0x00000000f0580000,0x00000000f0580000,0x00000000f1180000)
 ParOldGen       total 40448K, used 16102K [0x00000000c0000000, 0x00000000c2780000, 0x00000000eab00000)
  object space 40448K, 39% used [0x00000000c0000000,0x00000000c0fb98e8,0x00000000c2780000)
 Metaspace       used 32321K, capacity 33662K, committed 33920K, reserved 1079296K
  class space    used 4458K, capacity 4963K, committed 4992K, reserved 1048576K
Event: 12.096 GC heap after
Heap after GC invocations=10 (full 1):
 PSYoungGen      total 104960K, used 12257K [0x00000000eab00000, 0x00000000f4480000, 0x0000000100000000)
  eden space 92672K, 0% used [0x00000000eab00000,0x00000000eab00000,0x00000000f0580000)
  from space 12288K, 99% used [0x00000000f0580000,0x00000000f1178430,0x00000000f1180000)
  to   space 17408K, 0% used [0x00000000f3380000,0x00000000f3380000,0x00000000f4480000)
 ParOldGen       total 40448K, used 23979K [0x00000000c0000000, 0x00000000c2780000, 0x00000000eab00000)
  object space 40448K, 59% used [0x00000000c0000000,0x00000000c176af68,0x00000000c2780000)
 Metaspace       used 32321K, capacity 33662K, committed 33920K, reserved 1079296K
  class space    used 4458K, capacity 4963K, committed 4992K, reserved 1048576K
}
Event: 12.925 GC heap before
{Heap before GC invocations=11 (full 1):
 PSYoungGen      total 104960K, used 52677K [0x00000000eab00000, 0x00000000f4480000, 0x0000000100000000)
  eden space 92672K, 43% used [0x00000000eab00000,0x00000000ed279398,0x00000000f0580000)
  from space 12288K, 99% used [0x00000000f0580000,0x00000000f1178430,0x00000000f1180000)
  to   space 17408K, 0% used [0x00000000f3380000,0x00000000f3380000,0x00000000f4480000)
 ParOldGen       total 40448K, used 23979K [0x00000000c0000000, 0x00000000c2780000, 0x00000000eab00000)
  object space 40448K, 59% used [0x00000000c0000000,0x00000000c176af68,0x00000000c2780000)
 Metaspace       used 34051K, capacity 35424K, committed 35456K, reserved 1079296K
  class space    used 4741K, capacity 5228K, committed 5248K, reserved 1048576K
Event: 12.965 GC heap after
Heap after GC invocations=11 (full 1):
 PSYoungGen      total 137728K, used 16289K [0x00000000eab00000, 0x00000000f4d80000, 0x0000000100000000)
  eden space 120320K, 0% used [0x00000000eab00000,0x00000000eab00000,0x00000000f2080000)
  from space 17408K, 93% used [0x00000000f3380000,0x00000000f43687f0,0x00000000f4480000)
  to   space 19456K, 0% used [0x00000000f2080000,0x00000000f2080000,0x00000000f3380000)
 ParOldGen       total 40448K, used 23979K [0x00000000c0000000, 0x00000000c2780000, 0x00000000eab00000)
  object space 40448K, 59% used [0x00000000c0000000,0x00000000c176af68,0x00000000c2780000)
 Metaspace       used 34051K, capacity 35424K, committed 35456K, reserved 1079296K
  class space    used 4741K, capacity 5228K, committed 5248K, reserved 1048576K
}
Event: 12.965 GC heap before
{Heap before GC invocations=12 (full 2):
 PSYoungGen      total 137728K, used 16289K [0x00000000eab00000, 0x00000000f4d80000, 0x0000000100000000)
  eden space 120320K, 0% used [0x00000000eab00000,0x00000000eab00000,0x00000000f2080000)
  from space 17408K, 93% used [0x00000000f3380000,0x00000000f43687f0,0x00000000f4480000)
  to   space 19456K, 0% used [0x00000000f2080000,0x00000000f2080000,0x00000000f3380000)
 ParOldGen       total 40448K, used 23979K [0x00000000c0000000, 0x00000000c2780000, 0x00000000eab00000)
  object space 40448K, 59% used [0x00000000c0000000,0x00000000c176af68,0x00000000c2780000)
 Metaspace       used 34051K, capacity 35424K, committed 35456K, reserved 1079296K
  class space    used 4741K, capacity 5228K, committed 5248K, reserved 1048576K
Event: 13.327 GC heap after
Heap after GC invocations=12 (full 2):
 PSYoungGen      total 137728K, used 0K [0x00000000eab00000, 0x00000000f4d80000, 0x0000000100000000)
  eden space 120320K, 0% used [0x00000000eab00000,0x00000000eab00000,0x00000000f2080000)
  from space 17408K, 0% used [0x00000000f3380000,0x00000000f3380000,0x00000000f4480000)
  to   space 19456K, 0% used [0x00000000f2080000,0x00000000f2080000,0x00000000f3380000)
 ParOldGen       total 40448K, used 35409K [0x00000000c0000000, 0x00000000c2780000, 0x00000000eab00000)
  object space 40448K, 87% used [0x00000000c0000000,0x00000000c22947b8,0x00000000c2780000)
 Metaspace       used 34051K, capacity 35424K, committed 35456K, reserved 1079296K
  class space    used 4741K, capacity 5228K, committed 5248K, reserved 1048576K
}

